Copyright 1986-2018 Xilinx, Inc. All Rights Reserved.
------------------------------------------------------------------------------------
| Tool Version : Vivado v.2018.2 (lin64) Build 2258646 Thu Jun 14 20:02:38 MDT 2018
| Date         : Wed Aug 22 08:08:23 2018
| Host         : pedro-Lenovo-ideapad-FLEX-5-1470 running 64-bit Ubuntu 18.04.1 LTS
| Command      : report_clocks -file results/top_clocks.rpt
| Design       : top
| Device       : 7a50t-fgg484
| Speed File   : -1  PRODUCTION 1.22 2018-03-21
------------------------------------------------------------------------------------

Clock Report


Attributes
  P: Propagated
  G: Generated
  A: Auto-derived
  R: Renamed
  V: Virtual
  I: Inverted
  S: Pin phase-shifted with Latency mode

Clock                 Period(ns)  Waveform(ns)   Attributes  Sources
clk_in                10.000      {0.000 5.000}  P           {clk_in}
clkfbout_clk_wiz_0_1  10.000      {0.000 5.000}  P,G,A       {clk_wiz_inst/inst/mmcm_adv_inst/CLKFBOUT}
clk_out1_clk_wiz_0_1  10.000      {0.000 5.000}  P,G,A       {clk_wiz_inst/inst/mmcm_adv_inst/CLKOUT0}
clk_out3_clk_wiz_0_1  3.333       {0.000 1.667}  P,G,A       {clk_wiz_inst/inst/mmcm_adv_inst/CLKOUT2}
clk                   8.000       {0.000 4.000}  P           {sig_gen_inst/clk}


====================================================
Generated Clocks
====================================================

Generated Clock     : clkfbout_clk_wiz_0_1
Master Source       : clk_wiz_inst/inst/mmcm_adv_inst/CLKIN1
Master Clock        : clk_in
Multiply By         : 1
Generated Sources   : {clk_wiz_inst/inst/mmcm_adv_inst/CLKFBOUT}

Generated Clock     : clk_out1_clk_wiz_0_1
Master Source       : clk_wiz_inst/inst/mmcm_adv_inst/CLKIN1
Master Clock        : clk_in
Multiply By         : 1
Generated Sources   : {clk_wiz_inst/inst/mmcm_adv_inst/CLKOUT0}

Generated Clock     : clk_out3_clk_wiz_0_1
Master Source       : clk_wiz_inst/inst/mmcm_adv_inst/CLKIN1
Master Clock        : clk_in
Multiply By         : 3
Generated Sources   : {clk_wiz_inst/inst/mmcm_adv_inst/CLKOUT2}



====================================================
User Uncertainty
====================================================



====================================================
User Jitter
====================================================

Clock   Jitter(ns)
clk_in  0.100

